This is pdfTeX, Version 3.1415926-2.3-1.40.12 (MiKTeX 2.9) (preloaded format=pdflatex 2021.11.2)  31 AUG 2022 09:51
entering extended mode
**C:/Users/Administrator/Desktop/论文收集/新版综述/depression_review/4_
experiment.tex

(C:/Users/Administrator/Desktop/论文收集/新版综述/depression_review/4_e
xperiment.tex
LaTeX2e <2011/06/27>
Babel <v3.8m> and hyphenation patterns for loaded.

(C:\Users\Administrator\Desktop\论文收集\新版综述\depression_review\tnn
ls_prefix.tex
(C:\Users\Administrator\Desktop\论文收集\新版综述\depression_review\IEE
Etran.cls
Document Class: IEEEtran 2015/08/26 V1.8b by Michael Shell
-- See the "IEEEtran_HOWTO" manual for usage information.
-- http://www.michaelshell.org/tex/ieeetran/
\@IEEEtrantmpdimenA=\dimen102
\@IEEEtrantmpdimenB=\dimen103
\@IEEEtrantmpdimenC=\dimen104
\@IEEEtrantmpcountA=\count79
\@IEEEtrantmpcountB=\count80
\@IEEEtrantmpcountC=\count81
\@IEEEtrantmptoksA=\toks14
LaTeX Font Info:    Try loading font information for OT1+ptm on input line 503.

(D:\Install\CTex\MiKTeX\tex\latex\psnfss\ot1ptm.fd
File: ot1ptm.fd 2001/06/04 font definitions for OT1/ptm.
)
-- Using 8.5in x 11in (letter) paper.
-- Using PDF output.
\@IEEEnormalsizeunitybaselineskip=\dimen105
-- This is a 10 point document.
\CLASSINFOnormalsizebaselineskip=\dimen106
\CLASSINFOnormalsizeunitybaselineskip=\dimen107
\IEEEnormaljot=\dimen108
LaTeX Font Info:    Font shape `OT1/ptm/bx/n' in size <5> not available
(Font)              Font shape `OT1/ptm/b/n' tried instead on input line 1090.
LaTeX Font Info:    Font shape `OT1/ptm/bx/it' in size <5> not available
(Font)              Font shape `OT1/ptm/b/it' tried instead on input line 1090.

LaTeX Font Info:    Font shape `OT1/ptm/bx/n' in size <7> not available
(Font)              Font shape `OT1/ptm/b/n' tried instead on input line 1090.
LaTeX Font Info:    Font shape `OT1/ptm/bx/it' in size <7> not available
(Font)              Font shape `OT1/ptm/b/it' tried instead on input line 1090.

LaTeX Font Info:    Font shape `OT1/ptm/bx/n' in size <8> not available
(Font)              Font shape `OT1/ptm/b/n' tried instead on input line 1090.
LaTeX Font Info:    Font shape `OT1/ptm/bx/it' in size <8> not available
(Font)              Font shape `OT1/ptm/b/it' tried instead on input line 1090.

LaTeX Font Info:    Font shape `OT1/ptm/bx/n' in size <9> not available
(Font)              Font shape `OT1/ptm/b/n' tried instead on input line 1090.
LaTeX Font Info:    Font shape `OT1/ptm/bx/it' in size <9> not available
(Font)              Font shape `OT1/ptm/b/it' tried instead on input line 1090.

LaTeX Font Info:    Font shape `OT1/ptm/bx/n' in size <10> not available
(Font)              Font shape `OT1/ptm/b/n' tried instead on input line 1090.
LaTeX Font Info:    Font shape `OT1/ptm/bx/it' in size <10> not available
(Font)              Font shape `OT1/ptm/b/it' tried instead on input line 1090.

LaTeX Font Info:    Font shape `OT1/ptm/bx/n' in size <11> not available
(Font)              Font shape `OT1/ptm/b/n' tried instead on input line 1090.
LaTeX Font Info:    Font shape `OT1/ptm/bx/it' in size <11> not available
(Font)              Font shape `OT1/ptm/b/it' tried instead on input line 1090.

LaTeX Font Info:    Font shape `OT1/ptm/bx/n' in size <12> not available
(Font)              Font shape `OT1/ptm/b/n' tried instead on input line 1090.
LaTeX Font Info:    Font shape `OT1/ptm/bx/it' in size <12> not available
(Font)              Font shape `OT1/ptm/b/it' tried instead on input line 1090.

LaTeX Font Info:    Font shape `OT1/ptm/bx/n' in size <17> not available
(Font)              Font shape `OT1/ptm/b/n' tried instead on input line 1090.
LaTeX Font Info:    Font shape `OT1/ptm/bx/it' in size <17> not available
(Font)              Font shape `OT1/ptm/b/it' tried instead on input line 1090.

LaTeX Font Info:    Font shape `OT1/ptm/bx/n' in size <20> not available
(Font)              Font shape `OT1/ptm/b/n' tried instead on input line 1090.
LaTeX Font Info:    Font shape `OT1/ptm/bx/it' in size <20> not available
(Font)              Font shape `OT1/ptm/b/it' tried instead on input line 1090.

LaTeX Font Info:    Font shape `OT1/ptm/bx/n' in size <24> not available
(Font)              Font shape `OT1/ptm/b/n' tried instead on input line 1090.
LaTeX Font Info:    Font shape `OT1/ptm/bx/it' in size <24> not available
(Font)              Font shape `OT1/ptm/b/it' tried instead on input line 1090.

\IEEEquantizedlength=\dimen109
\IEEEquantizedlengthdiff=\dimen110
\IEEEquantizedtextheightdiff=\dimen111
\IEEEilabelindentA=\dimen112
\IEEEilabelindentB=\dimen113
\IEEEilabelindent=\dimen114
\IEEEelabelindent=\dimen115
\IEEEdlabelindent=\dimen116
\IEEElabelindent=\dimen117
\IEEEiednormlabelsep=\dimen118
\IEEEiedmathlabelsep=\dimen119
\IEEEiedtopsep=\skip41
\c@section=\count82
\c@subsection=\count83
\c@subsubsection=\count84
\c@paragraph=\count85
\c@IEEEsubequation=\count86
\abovecaptionskip=\skip42
\belowcaptionskip=\skip43
\c@figure=\count87
\c@table=\count88
\@IEEEeqnnumcols=\count89
\@IEEEeqncolcnt=\count90
\@IEEEsubeqnnumrollback=\count91
\@IEEEquantizeheightA=\dimen120
\@IEEEquantizeheightB=\dimen121
\@IEEEquantizeheightC=\dimen122
\@IEEEquantizeprevdepth=\dimen123
\@IEEEquantizemultiple=\count92
\@IEEEquantizeboxA=\box26
\@IEEEtmpitemindent=\dimen124
\IEEEPARstartletwidth=\dimen125
\c@IEEEbiography=\count93
\@IEEEtranrubishbin=\box27
) (D:\Install\CTex\MiKTeX\tex\latex\cite\cite.sty
LaTeX Info: Redefining \cite on input line 302.
LaTeX Info: Redefining \nocite on input line 373.
Package: cite 2010/09/10  v 5.3
)
(D:\Install\CTex\MiKTeX\tex\latex\graphics\graphicx.sty
Package: graphicx 1999/02/16 v1.0f Enhanced LaTeX Graphics (DPC,SPQR)

(D:\Install\CTex\MiKTeX\tex\latex\graphics\keyval.sty
Package: keyval 1999/03/16 v1.13 key=value parser (DPC)
\KV@toks@=\toks15
)
(D:\Install\CTex\MiKTeX\tex\latex\graphics\graphics.sty
Package: graphics 2009/02/05 v1.0o Standard LaTeX Graphics (DPC,SPQR)

(D:\Install\CTex\MiKTeX\tex\latex\graphics\trig.sty
Package: trig 1999/03/16 v1.09 sin cos tan (DPC)
)
(D:\Install\CTex\MiKTeX\tex\latex\00miktex\graphics.cfg
File: graphics.cfg 2007/01/18 v1.5 graphics configuration of teTeX/TeXLive
)
Package graphics Info: Driver file: pdftex.def on input line 91.

(D:\Install\CTex\MiKTeX\tex\latex\pdftex-def\pdftex.def
File: pdftex.def 2011/05/27 v0.06d Graphics/color for pdfTeX

(D:\Install\CTex\MiKTeX\tex\generic\oberdiek\infwarerr.sty
Package: infwarerr 2010/04/08 v1.3 Providing info/warning/message (HO)
)
(D:\Install\CTex\MiKTeX\tex\generic\oberdiek\ltxcmds.sty
Package: ltxcmds 2011/04/18 v1.20 LaTeX kernel commands for general use (HO)
)
\Gread@gobject=\count94
))
\Gin@req@height=\dimen126
\Gin@req@width=\dimen127
)
(D:\Install\CTex\MiKTeX\tex\latex\ams\math\amsmath.sty
Package: amsmath 2000/07/18 v2.13 AMS math features
\@mathmargin=\skip44

For additional information on amsmath, use the `?' option.
(D:\Install\CTex\MiKTeX\tex\latex\ams\math\amstext.sty
Package: amstext 2000/06/29 v2.01

(D:\Install\CTex\MiKTeX\tex\latex\ams\math\amsgen.sty
File: amsgen.sty 1999/11/30 v2.0
\@emptytoks=\toks16
\ex@=\dimen128
))
(D:\Install\CTex\MiKTeX\tex\latex\ams\math\amsbsy.sty
Package: amsbsy 1999/11/29 v1.2d
\pmbraise@=\dimen129
)
(D:\Install\CTex\MiKTeX\tex\latex\ams\math\amsopn.sty
Package: amsopn 1999/12/14 v2.01 operator names
)
\inf@bad=\count95
LaTeX Info: Redefining \frac on input line 211.
\uproot@=\count96
\leftroot@=\count97
LaTeX Info: Redefining \overline on input line 307.
\classnum@=\count98
\DOTSCASE@=\count99
LaTeX Info: Redefining \ldots on input line 379.
LaTeX Info: Redefining \dots on input line 382.
LaTeX Info: Redefining \cdots on input line 467.
\Mathstrutbox@=\box28
\strutbox@=\box29
\big@size=\dimen130
LaTeX Font Info:    Redeclaring font encoding OML on input line 567.
LaTeX Font Info:    Redeclaring font encoding OMS on input line 568.
\macc@depth=\count100
\c@MaxMatrixCols=\count101
\dotsspace@=\muskip10
\c@parentequation=\count102
\dspbrk@lvl=\count103
\tag@help=\toks17
\row@=\count104
\column@=\count105
\maxfields@=\count106
\andhelp@=\toks18
\eqnshift@=\dimen131
\alignsep@=\dimen132
\tagshift@=\dimen133
\tagwidth@=\dimen134
\totwidth@=\dimen135
\lineht@=\dimen136
\@envbody=\toks19
\multlinegap=\skip45
\multlinetaggap=\skip46
\mathdisplay@stack=\toks20
LaTeX Info: Redefining \[ on input line 2666.
LaTeX Info: Redefining \] on input line 2667.
)
(D:\Install\CTex\MiKTeX\tex\latex\algorithms\algorithmic.sty
Package: algorithmic 2009/08/24 v0.1 Document Style `algorithmic'

(D:\Install\CTex\MiKTeX\tex\latex\base\ifthen.sty
Package: ifthen 2001/05/26 v1.1c Standard LaTeX ifthen package (DPC)
)
\c@ALC@unique=\count107
\c@ALC@line=\count108
\c@ALC@rem=\count109
\c@ALC@depth=\count110
\ALC@tlm=\skip47
\algorithmicindent=\skip48
)
(D:\Install\CTex\MiKTeX\tex\latex\tools\array.sty
Package: array 2008/09/09 v2.4c Tabular extension package (FMi)
\col@sep=\dimen137
\extrarowheight=\dimen138
\NC@list=\toks21
\extratabsurround=\skip49
\backup@length=\skip50
)
(D:\Install\CTex\MiKTeX\tex\latex\subfig\subfig.sty
Package: subfig 2005/06/28 ver: 1.3 subfig package

(D:\Install\CTex\MiKTeX\tex\latex\caption\caption3.sty
Package: caption3 2011/11/01 v1.4a caption3 kernel (AR)
\captionmargin=\dimen139
\captionmargin@=\dimen140
\captionwidth=\dimen141
\caption@indent=\dimen142
\caption@parindent=\dimen143
\caption@hangindent=\dimen144
Package caption Info: Unknown document class (or package),
(caption)             standard defaults will be used.
)
\c@KVtest=\count111
\sf@farskip=\skip51
\sf@captopadj=\dimen145
\sf@capskip=\skip52
\sf@nearskip=\skip53
\c@subfigure=\count112
\c@subfigure@save=\count113
\c@lofdepth=\count114
\c@subtable=\count115
\c@subtable@save=\count116
\c@lotdepth=\count117
\sf@top=\skip54
\sf@bottom=\skip55
)
(D:\Install\CTex\MiKTeX\tex\latex\ltxmisc\url.sty
\Urlmuskip=\muskip11
Package: url 2006/04/12  ver 3.3  Verb mode for urls, etc.
)
(D:\Install\CTex\MiKTeX\tex\latex\tools\enumerate.sty
Package: enumerate 1999/03/05 v3.00 enumerate extensions (DPC)
\@enLab=\toks22
)
(D:\Install\CTex\MiKTeX\tex\latex\multirow\multirow.sty
\bigstrutjot=\dimen146
)
(D:\Install\CTex\MiKTeX\tex\latex\graphics\color.sty
Package: color 2005/11/14 v1.0j Standard LaTeX Color (DPC)

(D:\Install\CTex\MiKTeX\tex\latex\00miktex\color.cfg
File: color.cfg 2007/01/18 v1.5 color configuration of teTeX/TeXLive
)
Package color Info: Driver file: pdftex.def on input line 130.
)
(C:\Users\Administrator\Desktop\论文收集\新版综述\depression_review\4_e
xperiment.aux)
LaTeX Font Info:    Checking defaults for OML/cmm/m/it on input line 320.
LaTeX Font Info:    ... okay on input line 320.
LaTeX Font Info:    Checking defaults for T1/cmr/m/n on input line 320.
LaTeX Font Info:    ... okay on input line 320.
LaTeX Font Info:    Checking defaults for OT1/cmr/m/n on input line 320.
LaTeX Font Info:    ... okay on input line 320.
LaTeX Font Info:    Checking defaults for OMS/cmsy/m/n on input line 320.
LaTeX Font Info:    ... okay on input line 320.
LaTeX Font Info:    Checking defaults for OMX/cmex/m/n on input line 320.
LaTeX Font Info:    ... okay on input line 320.
LaTeX Font Info:    Checking defaults for U/cmr/m/n on input line 320.
LaTeX Font Info:    ... okay on input line 320.

-- Lines per column: 58 (exact).
(D:\Install\CTex\MiKTeX\tex\context\base\supp-pdf.mkii
[Loading MPS to PDF converter (version 2006.09.02).]
\scratchcounter=\count118
\scratchdimen=\dimen147
\scratchbox=\box30
\nofMPsegments=\count119
\nofMParguments=\count120
\everyMPshowfont=\toks23
\MPscratchCnt=\count121
\MPscratchDim=\dimen148
\MPnumerator=\count122
\makeMPintoPDFobject=\count123
\everyMPtoPDFconversion=\toks24
)
Package caption Info: Begin \AtBeginDocument code.
Package caption Info: subfig package v1.3 is loaded.
Package caption Info: End \AtBeginDocument code.


LaTeX Warning: No \author given.


LaTeX Warning: No \author given.


LaTeX Warning: No \author given.

)

LaTeX Warning: Citation `hou2020gait' on page 1 undefined on input line 69.


LaTeX Warning: Citation `hou2021setres' on page 1 undefined on input line 69.


LaTeX Warning: Citation `chao2019gaitset' on page 1 undefined on input line 69.



LaTeX Warning: Citation `hou2020gait' on page 1 undefined on input line 71.


LaTeX Warning: Citation `hou2021setres' on page 1 undefined on input line 71.


LaTeX Warning: Citation `chao2019gaitset' on page 1 undefined on input line 79.



LaTeX Warning: Citation `luo2019bag' on page 1 undefined on input line 83.


LaTeX Warning: Citation `he2016deep' on page 1 undefined on input line 84.


LaTeX Warning: Citation `zhong2020random' on page 1 undefined on input line 85.



LaTeX Warning: Citation `yu2006framework' on page 1 undefined on input line 85.



LaTeX Warning: Citation `takemura2018multi' on page 1 undefined on input line 8
6.


LaTeX Warning: Citation `chao2019gaitset' on page 1 undefined on input line 88.



LaTeX Warning: Citation `fan2020gaitpart' on page 1 undefined on input line 88.



LaTeX Warning: Citation `hou2020gait' on page 1 undefined on input line 88.


LaTeX Warning: Citation `hou2021setres' on page 1 undefined on input line 88.


LaTeX Warning: Citation `chao2019gaitset' on page 1 undefined on input line 90.



LaTeX Warning: Citation `hou2020gait' on page 1 undefined on input line 90.


LaTeX Warning: Citation `hou2021setres' on page 1 undefined on input line 90.


LaTeX Warning: Citation `chao2019gaitset' on page 1 undefined on input line 90.



LaTeX Warning: Citation `fan2020gaitpart' on page 1 undefined on input line 92.



LaTeX Warning: Citation `yu2006framework' on page 1 undefined on input line 96.



LaTeX Warning: Citation `takemura2018multi' on page 1 undefined on input line 9
6.


LaTeX Warning: Citation `NeurIPS2019_9015' on page 1 undefined on input line 12
2.


LaTeX Warning: Citation `takemura2017input' on page 1 undefined on input line 1
25.


LaTeX Warning: Reference `eq_pquality_lpq' on page 1 undefined on input line 15
6.


LaTeX Warning: Reference `eq_summary_tp' on page 1 undefined on input line 158.



LaTeX Warning: Reference `eq_summary_l1' on page 1 undefined on input line 160.



LaTeX Warning: Reference `eq_summary_l2' on page 1 undefined on input line 160.



LaTeX Warning: Reference `eq_summary_l2' on page 1 undefined on input line 162.



LaTeX Warning: Citation `shiraga2016geinet' on page 1 undefined on input line 2
05.


LaTeX Warning: Citation `chao2019gaitset' on page 1 undefined on input line 205
.


LaTeX Warning: Citation `fan2020gaitpart' on page 1 undefined on input line 205
.


LaTeX Warning: Citation `hou2020gait' on page 1 undefined on input line 205.


LaTeX Warning: Citation `hou2021setres' on page 1 undefined on input line 205.


LaTeX Warning: Citation `shiraga2016geinet' on page 1 undefined on input line 2
05.


LaTeX Warning: Citation `chao2019gaitset' on page 1 undefined on input line 205
.


LaTeX Warning: Citation `fan2020gaitpart' on page 1 undefined on input line 205
.


LaTeX Warning: Citation `hou2020gait' on page 1 undefined on input line 205.


LaTeX Warning: Citation `hou2021setres' on page 1 undefined on input line 205.


LaTeX Warning: Reference `tab_acc_casia' on page 1 undefined on input line 214.



LaTeX Warning: Citation `wu2016comprehensive' on page 1 undefined on input line
 218.

[1{D:/Install/CTex/UserData/pdftex/config/pdftex.map{Unicode.sfd}{UGBK.sfd}}


]

LaTeX Warning: Reference `tab_acc_casia' on page 2 undefined on input line 220.



LaTeX Warning: Citation `shiraga2016geinet' on page 2 undefined on input line 2
20.


LaTeX Warning: Citation `wu2016comprehensive' on page 2 undefined on input line
 220.


LaTeX Warning: Citation `chao2019gaitset' on page 2 undefined on input line 222
.


LaTeX Warning: Citation `fan2020gaitpart' on page 2 undefined on input line 224
.


LaTeX Warning: Citation `hou2020gait' on page 2 undefined on input line 226.


LaTeX Warning: Citation `hou2021setres' on page 2 undefined on input line 229.


LaTeX Warning: Reference `tab_acc_casia' on page 2 undefined on input line 232.



LaTeX Warning: Citation `chao2019gaitset' on page 2 undefined on input line 238
.


LaTeX Warning: Citation `fan2020gaitpart' on page 2 undefined on input line 238
.


LaTeX Warning: Citation `hou2020gait' on page 2 undefined on input line 238.


LaTeX Warning: Citation `hou2021setres' on page 2 undefined on input line 238.


LaTeX Warning: Reference `tab_acc_casia' on page 2 undefined on input line 240.



LaTeX Warning: Citation `hou2021setres' on page 2 undefined on input line 257.


Underfull \vbox (badness 10000) has occurred while \output is active []



LaTeX Warning: Reference `tab_acc_casia' on page 2 undefined on input line 270.



LaTeX Warning: Citation `wu2016comprehensive' on page 2 undefined on input line
 270.


LaTeX Warning: Citation `fan2020gaitpart' on page 2 undefined on input line 278
.


LaTeX Warning: Citation `hou2020gait' on page 2 undefined on input line 278.


LaTeX Warning: Citation `hou2021setres' on page 2 undefined on input line 278.


LaTeX Warning: Citation `chao2019gaitset' on page 2 undefined on input line 287
.


LaTeX Warning: Citation `fan2020gaitpart' on page 2 undefined on input line 287
.


LaTeX Warning: Citation `hou2020gait' on page 2 undefined on input line 287.


LaTeX Warning: Citation `hou2021setres' on page 2 undefined on input line 287.


LaTeX Warning: Citation `yu2021hid' on page 2 undefined on input line 291.


Underfull \hbox (badness 10000) in paragraph at lines 287--304
 \OT1/ptm/m/it/10 3) HID Com-pe-ti-tion Dataset 2021: [][] \OT1/ptm/m/n/10 CASI
A-B and
 []

[2]
<figures/png_id_110_type_bg-01_view_036_visualize_fquality_bin00.pdf, id=17, 47
1.58034pt x 126.54396pt>
File: figures/png_id_110_type_bg-01_view_036_visualize_fquality_bin00.pdf Graph
ic file (type pdf)

<use figures/png_id_110_type_bg-01_view_036_visualize_fquality_bin00.pdf>
Package pdftex.def Info: figures/png_id_110_type_bg-01_view_036_visualize_fqual
ity_bin00.pdf used on input line 336.
(pdftex.def)             Requested size: 253.87427pt x 68.12418pt.

<figures/png_id_110_type_bg-01_view_090_visualize_fquality_bin14.pdf, id=18, 47
1.58034pt x 126.54396pt>
File: figures/png_id_110_type_bg-01_view_090_visualize_fquality_bin14.pdf Graph
ic file (type pdf)

<use figures/png_id_110_type_bg-01_view_090_visualize_fquality_bin14.pdf>
Package pdftex.def Info: figures/png_id_110_type_bg-01_view_090_visualize_fqual
ity_bin14.pdf used on input line 339.
(pdftex.def)             Requested size: 253.87427pt x 68.12418pt.

Overfull \hbox (5.74878pt too wide) in paragraph at lines 336--340
 [][][] 
 []


<figures/png_id_112_type_cl-02_view_018_visualize_fquality_bin00.pdf, id=19, 47
1.58034pt x 126.54396pt>
File: figures/png_id_112_type_cl-02_view_018_visualize_fquality_bin00.pdf Graph
ic file (type pdf)

<use figures/png_id_112_type_cl-02_view_018_visualize_fquality_bin00.pdf>
Package pdftex.def Info: figures/png_id_112_type_cl-02_view_018_visualize_fqual
ity_bin00.pdf used on input line 344.
(pdftex.def)             Requested size: 253.87427pt x 68.12418pt.

<figures/png_id_112_type_nm-06_view_144_visualize_fquality_bin10.pdf, id=20, 47
1.58034pt x 126.54396pt>
File: figures/png_id_112_type_nm-06_view_144_visualize_fquality_bin10.pdf Graph
ic file (type pdf)

<use figures/png_id_112_type_nm-06_view_144_visualize_fquality_bin10.pdf>
Package pdftex.def Info: figures/png_id_112_type_nm-06_view_144_visualize_fqual
ity_bin10.pdf used on input line 347.
(pdftex.def)             Requested size: 253.87427pt x 68.12418pt.

Overfull \hbox (5.74878pt too wide) in paragraph at lines 344--348
 [][][] 
 []


<figures/png_id_123_type_bg-02_view_018_visualize_fquality_bin03.pdf, id=21, 47
1.58034pt x 126.54396pt>
File: figures/png_id_123_type_bg-02_view_018_visualize_fquality_bin03.pdf Graph
ic file (type pdf)

<use figures/png_id_123_type_bg-02_view_018_visualize_fquality_bin03.pdf>
Package pdftex.def Info: figures/png_id_123_type_bg-02_view_018_visualize_fqual
ity_bin03.pdf used on input line 352.
(pdftex.def)             Requested size: 253.87427pt x 68.12418pt.

<figures/png_id_123_type_cl-02_view_018_visualize_fquality_bin03.pdf, id=22, 47
1.58034pt x 126.54396pt>
File: figures/png_id_123_type_cl-02_view_018_visualize_fquality_bin03.pdf Graph
ic file (type pdf)

<use figures/png_id_123_type_cl-02_view_018_visualize_fquality_bin03.pdf>
Package pdftex.def Info: figures/png_id_123_type_cl-02_view_018_visualize_fqual
ity_bin03.pdf used on input line 355.
(pdftex.def)             Requested size: 253.87427pt x 68.12418pt.

Overfull \hbox (5.74878pt too wide) in paragraph at lines 352--366
 [][][] 
 []


LaTeX Warning: Reference `eq_fquality_yij' on page 3 undefined on input line 36
6.


LaTeX Warning: Reference `eq_fquality_yij' on page 3 undefined on input line 36
6.


LaTeX Warning: Citation `yu2006framework' on page 3 undefined on input line 389
.


LaTeX Warning: Reference `sec_fquality' on page 3 undefined on input line 441.


LaTeX Warning: Reference `eq_fquality_yij' on page 3 undefined on input line 44
3.


LaTeX Warning: Citation `yu2006framework' on page 3 undefined on input line 449
.


<figures/casia_b_visualize_pquality_cross.pdf, id=23, 426.88043pt x 316.80495pt
>
File: figures/casia_b_visualize_pquality_cross.pdf Graphic file (type pdf)
 <use figures/casia_b_visualize_pquality_cross.pdf>
Package pdftex.def Info: figures/casia_b_visualize_pquality_cross.pdf used on i
nput line 458.
(pdftex.def)             Requested size: 252.0pt x 187.01964pt.


LaTeX Warning: Reference `sec_pquality' on page 3 undefined on input line 469.


LaTeX Warning: Reference `eq_pquality_ada' on page 3 undefined on input line 46
9.


LaTeX Warning: Citation `yu2006framework' on page 3 undefined on input line 479
.

[3 <C:/Users/Administrator/Desktop/论文收集/新版综述/depression_review/
figures/casia_b_visualize_pquality_cross.pdf>]
<figures/casia_b_visualize_shadow_errors_bin14.pdf, id=79, 477.55032pt x 127.99
556pt>
File: figures/casia_b_visualize_shadow_errors_bin14.pdf Graphic file (type pdf)

 <use figures/casia_b_visualize_shadow_errors_bin14.pdf>
Package pdftex.def Info: figures/casia_b_visualize_shadow_errors_bin14.pdf used
 on input line 486.
(pdftex.def)             Requested size: 252.0pt x 67.5424pt.


LaTeX Warning: Citation `fan2020gaitpart' on page 4 undefined on input line 502
.


Underfull \hbox (badness 1527) in paragraph at lines 510--511
\OT1/ptm/m/n/10 81.74%) is in-fe-ri-or to GQAN-Backbone+FQBlock (NM-
 []


LaTeX Warning: Reference `tab_more_baselines' on page 4 undefined on input line
 513.


LaTeX Warning: Citation `liao2020model' on page 4 undefined on input line 515.


LaTeX Warning: Citation `li2020end' on page 4 undefined on input line 515.


LaTeX Warning: Citation `zhang2019gait' on page 4 undefined on input line 515.


LaTeX Warning: Citation `bashir2009gait' on page 4 undefined on input line 515.



LaTeX Warning: Citation `castro2020multimodal' on page 4 undefined on input lin
e 517.


LaTeX Warning: Citation `hou2021setres' on page 4 undefined on input line 519.


LaTeX Warning: Citation `hou2020gait' on page 4 undefined on input line 519.


Underfull \vbox (badness 4429) has occurred while \output is active []

 [4 <C:/Users/Administrator/Desktop/论文收集/新版综述/depression_review
/figures/png_id_110_type_bg-01_view_036_visualize_fquality_bin00.pdf> <C:/Users
/Administrator/Desktop/论文收集/新版综述/depression_review/figures/png_
id_110_type_bg-01_view_090_visualize_fquality_bin14.pdf> <C:/Users/Administrato
r/Desktop/论文收集/新版综述/depression_review/figures/png_id_112_type_c
l-02_view_018_visualize_fquality_bin00.pdf> <C:/Users/Administrator/Desktop/论
文收集/新版综述/depression_review/figures/png_id_112_type_nm-06_view_144
_visualize_fquality_bin10.pdf> <C:/Users/Administrator/Desktop/论文收集/新
版综述/depression_review/figures/png_id_123_type_bg-02_view_018_visualize_fq
uality_bin03.pdf> <C:/Users/Administrator/Desktop/论文收集/新版综述/dep
ression_review/figures/png_id_123_type_cl-02_view_018_visualize_fquality_bin03.
pdf> <C:/Users/Administrator/Desktop/论文收集/新版综述/depression_revie
w/figures/casia_b_visualize_shadow_errors_bin14.pdf>]

LaTeX Warning: Citation `zhang2019comprehensive' on page 5 undefined on input l
ine 557.


LaTeX Warning: Citation `hou2020gait' on page 5 undefined on input line 557.


LaTeX Warning: Citation `hou2020gait' on page 5 undefined on input line 557.


LaTeX Warning: Citation `hou2021setres' on page 5 undefined on input line 557.


LaTeX Warning: Citation `lin2020gait' on page 5 undefined on input line 557.


LaTeX Warning: Citation `liao2020model' on page 5 undefined on input line 557.


LaTeX Warning: Citation `zhang2019gait' on page 5 undefined on input line 557.


LaTeX Warning: Citation `li2020end' on page 5 undefined on input line 557.


LaTeX Warning: Citation `bashir2009gait' on page 5 undefined on input line 557.



LaTeX Warning: Citation `castro2020multimodal' on page 5 undefined on input lin
e 557.


LaTeX Warning: Citation `hou2020gait' on page 5 undefined on input line 557.


LaTeX Warning: Citation `hou2021setres' on page 5 undefined on input line 557.


LaTeX Warning: Citation `li2020end' on page 5 undefined on input line 557.


LaTeX Warning: Citation `hou2021setres' on page 5 undefined on input line 565.


LaTeX Warning: Reference `fig_fquality_hid' on page 5 undefined on input line 5
80.


LaTeX Warning: Citation `chao2019gaitset' on page 5 undefined on input line 589
.


LaTeX Warning: Citation `fan2020gaitpart' on page 5 undefined on input line 589
.


LaTeX Warning: Citation `hou2020gait' on page 5 undefined on input line 589.


LaTeX Warning: Citation `liao2020model' on page 5 undefined on input line 591.


LaTeX Warning: Citation `li2020end' on page 5 undefined on input line 591.


LaTeX Warning: Citation `zhang2020advances' on page 5 undefined on input line 5
93.


LaTeX Warning: Citation `zhang2021improved' on page 5 undefined on input line 5
93.


(C:\Users\Administrator\Desktop\论文收集\新版综述\depression_review\tnn
ls_suffix.tex
(C:\Users\Administrator\Desktop\论文收集\新版综述\depression_review\4_e
xperiment.bbl

! LaTeX Error: Something's wrong--perhaps a missing \item.

See the LaTeX manual or LaTeX Companion for explanation.
Type  H <return>  for immediate help.
 ...                                              
                                                  
l.24 \end{thebibliography}
                          
? 
! Emergency stop.
 ...                                              
                                                  
l.24 \end{thebibliography}
                          
Try typing  <return>  to proceed.
If that doesn't work, type  X <return>  to quit.

 
Here is how much of TeX's memory you used:
 3789 strings out of 495354
 60638 string characters out of 3183411
 142398 words of memory out of 3000000
 6920 multiletter control sequences out of 15000+200000
 38605 words of font info for 75 fonts, out of 3000000 for 9000
 14 hyphenation exceptions out of 8191
 38i,12n,46p,1010b,339s stack positions out of 5000i,500n,10000p,200000b,50000s
!  ==> Fatal error occurred, no output PDF file produced!
